<?xml version="1.0" encoding="UTF-8"?>
<testsuites>
  <testsuite name="" tests="22" assertions="35" errors="0" warnings="0" failures="2" skipped="0" time="0.060128">
    <testsuite name="Plugin Test Suite" tests="22" assertions="35" errors="0" warnings="0" failures="2" skipped="0" time="0.060128">
      <testsuite name="MainTest" file="/Users/mohiuddinabdulkader/Sites/woocommerce/wp-content/plugins/ultimate-image-slider/tests/Admin/MainTest.php" tests="5" assertions="7" errors="0" warnings="0" failures="0" skipped="0" time="0.014904">
        <testcase name="test_default_options" class="MainTest" classname="MainTest" file="/Users/mohiuddinabdulkader/Sites/woocommerce/wp-content/plugins/ultimate-image-slider/tests/Admin/MainTest.php" line="14" assertions="1" time="0.004499"/>
        <testcase name="test_option_name" class="MainTest" classname="MainTest" file="/Users/mohiuddinabdulkader/Sites/woocommerce/wp-content/plugins/ultimate-image-slider/tests/Admin/MainTest.php" line="26" assertions="1" time="0.000464"/>
        <testcase name="test_option_group" class="MainTest" classname="MainTest" file="/Users/mohiuddinabdulkader/Sites/woocommerce/wp-content/plugins/ultimate-image-slider/tests/Admin/MainTest.php" line="31" assertions="1" time="0.000399"/>
        <testcase name="test_menu_register_settings" class="MainTest" classname="MainTest" file="/Users/mohiuddinabdulkader/Sites/woocommerce/wp-content/plugins/ultimate-image-slider/tests/Admin/MainTest.php" line="36" assertions="2" time="0.008599"/>
        <testcase name="test_header_template" class="MainTest" classname="MainTest" file="/Users/mohiuddinabdulkader/Sites/woocommerce/wp-content/plugins/ultimate-image-slider/tests/Admin/MainTest.php" line="53" assertions="2" time="0.000944"/>
      </testsuite>
      <testsuite name="UltimateImageSlider\Admin\MenuTest" file="/Users/mohiuddinabdulkader/Sites/woocommerce/wp-content/plugins/ultimate-image-slider/tests/Admin/MenuTest.php" tests="1" assertions="1" errors="0" warnings="0" failures="1" skipped="0" time="0.005178">
        <testcase name="test_admin_menu_registration" class="UltimateImageSlider\Admin\MenuTest" classname="UltimateImageSlider.Admin.MenuTest" file="/Users/mohiuddinabdulkader/Sites/woocommerce/wp-content/plugins/ultimate-image-slider/tests/Admin/MenuTest.php" line="23" assertions="1" time="0.005178">
          <failure type="PHPUnit\Framework\ExpectationFailedException">UltimateImageSlider\Admin\MenuTest::test_admin_menu_registration
Menu page not registered.
Failed asserting that false is true.

/Users/mohiuddinabdulkader/Sites/woocommerce/wp-content/plugins/ultimate-image-slider/tests/Admin/MenuTest.php:41</failure>
        </testcase>
      </testsuite>
      <testsuite name="PluginMetaTest" file="/Users/mohiuddinabdulkader/Sites/woocommerce/wp-content/plugins/ultimate-image-slider/tests/Admin/PluginMetaTest.php" tests="2" assertions="2" errors="0" warnings="0" failures="1" skipped="0" time="0.002141">
        <testcase name="test_plugin_action_links" class="PluginMetaTest" classname="PluginMetaTest" file="/Users/mohiuddinabdulkader/Sites/woocommerce/wp-content/plugins/ultimate-image-slider/tests/Admin/PluginMetaTest.php" line="21" assertions="1" time="0.001735"/>
        <testcase name="test_plugin_meta_links" class="PluginMetaTest" classname="PluginMetaTest" file="/Users/mohiuddinabdulkader/Sites/woocommerce/wp-content/plugins/ultimate-image-slider/tests/Admin/PluginMetaTest.php" line="30" assertions="1" time="0.000406">
          <failure type="PHPUnit\Framework\ExpectationFailedException">PluginMetaTest::test_plugin_meta_links
Failed asserting that an array contains '&lt;a target="_blank" href="https://github.com/beyond88/ultimate-image-slider/issues" title="Get help"&gt;Support&lt;/a&gt;'.

/Users/mohiuddinabdulkader/Sites/woocommerce/wp-content/plugins/ultimate-image-slider/tests/Admin/PluginMetaTest.php:36</failure>
        </testcase>
      </testsuite>
      <testsuite name="AdminTest" file="/Users/mohiuddinabdulkader/Sites/woocommerce/wp-content/plugins/ultimate-image-slider/tests/AdminTest.php" tests="1" assertions="3" errors="0" warnings="0" failures="0" skipped="0" time="0.001592">
        <testcase name="test_admin_initializes_classes" class="AdminTest" classname="AdminTest" file="/Users/mohiuddinabdulkader/Sites/woocommerce/wp-content/plugins/ultimate-image-slider/tests/AdminTest.php" line="13" assertions="3" time="0.001592"/>
      </testsuite>
      <testsuite name="AssetsTest" file="/Users/mohiuddinabdulkader/Sites/woocommerce/wp-content/plugins/ultimate-image-slider/tests/AssetsTest.php" tests="3" assertions="7" errors="0" warnings="0" failures="0" skipped="0" time="0.011622">
        <testcase name="test_constructor_adds_actions" class="AssetsTest" classname="AssetsTest" file="/Users/mohiuddinabdulkader/Sites/woocommerce/wp-content/plugins/ultimate-image-slider/tests/AssetsTest.php" line="21" assertions="2" time="0.000722"/>
        <testcase name="test_register_assets" class="AssetsTest" classname="AssetsTest" file="/Users/mohiuddinabdulkader/Sites/woocommerce/wp-content/plugins/ultimate-image-slider/tests/AssetsTest.php" line="29" assertions="3" time="0.004676"/>
        <testcase name="test_register_admin_assets" class="AssetsTest" classname="AssetsTest" file="/Users/mohiuddinabdulkader/Sites/woocommerce/wp-content/plugins/ultimate-image-slider/tests/AssetsTest.php" line="41" assertions="2" time="0.006224"/>
      </testsuite>
      <testsuite name="ShortcodeTest" file="/Users/mohiuddinabdulkader/Sites/woocommerce/wp-content/plugins/ultimate-image-slider/tests/Frontend/ShortcodeTest.php" tests="1" assertions="2" errors="0" warnings="0" failures="0" skipped="0" time="0.001654">
        <testcase name="test_shortcode_initializes_myslideshow" class="ShortcodeTest" classname="ShortcodeTest" file="/Users/mohiuddinabdulkader/Sites/woocommerce/wp-content/plugins/ultimate-image-slider/tests/Frontend/ShortcodeTest.php" line="15" assertions="2" time="0.001654"/>
      </testsuite>
      <testsuite name="MySlideShowTest" file="/Users/mohiuddinabdulkader/Sites/woocommerce/wp-content/plugins/ultimate-image-slider/tests/Frontend/Shortcodes/MySlideShowTest.php" tests="3" assertions="5" errors="0" warnings="0" failures="0" skipped="0" time="0.008014">
        <testcase name="test_shortcode_is_registered" class="MySlideShowTest" classname="MySlideShowTest" file="/Users/mohiuddinabdulkader/Sites/woocommerce/wp-content/plugins/ultimate-image-slider/tests/Frontend/Shortcodes/MySlideShowTest.php" line="24" assertions="2" time="0.000690"/>
        <testcase name="test_render_shortcode" class="MySlideShowTest" classname="MySlideShowTest" file="/Users/mohiuddinabdulkader/Sites/woocommerce/wp-content/plugins/ultimate-image-slider/tests/Frontend/Shortcodes/MySlideShowTest.php" line="33" assertions="2" time="0.004056"/>
        <testcase name="test_output_method" class="MySlideShowTest" classname="MySlideShowTest" file="/Users/mohiuddinabdulkader/Sites/woocommerce/wp-content/plugins/ultimate-image-slider/tests/Frontend/Shortcodes/MySlideShowTest.php" line="49" assertions="1" time="0.003267"/>
      </testsuite>
      <testsuite name="FrontendTest" file="/Users/mohiuddinabdulkader/Sites/woocommerce/wp-content/plugins/ultimate-image-slider/tests/FrontendTest.php" tests="1" assertions="2" errors="0" warnings="0" failures="0" skipped="0" time="0.001590">
        <testcase name="test_frontend_initializes_shortcode" class="FrontendTest" classname="FrontendTest" file="/Users/mohiuddinabdulkader/Sites/woocommerce/wp-content/plugins/ultimate-image-slider/tests/FrontendTest.php" line="15" assertions="2" time="0.001590"/>
      </testsuite>
      <testsuite name="InstallerTest" file="/Users/mohiuddinabdulkader/Sites/woocommerce/wp-content/plugins/ultimate-image-slider/tests/InstallerTest.php" tests="3" assertions="4" errors="0" warnings="0" failures="0" skipped="0" time="0.011142">
        <testcase name="test_run_adds_installed_time" class="InstallerTest" classname="InstallerTest" file="/Users/mohiuddinabdulkader/Sites/woocommerce/wp-content/plugins/ultimate-image-slider/tests/InstallerTest.php" line="31" assertions="2" time="0.004002"/>
        <testcase name="test_run_sets_version" class="InstallerTest" classname="InstallerTest" file="/Users/mohiuddinabdulkader/Sites/woocommerce/wp-content/plugins/ultimate-image-slider/tests/InstallerTest.php" line="41" assertions="1" time="0.004779"/>
        <testcase name="test_run_does_not_overwrite_installed_time" class="InstallerTest" classname="InstallerTest" file="/Users/mohiuddinabdulkader/Sites/woocommerce/wp-content/plugins/ultimate-image-slider/tests/InstallerTest.php" line="50" assertions="1" time="0.002360"/>
      </testsuite>
      <testsuite name="UltimateImageSlideri18nTest" file="/Users/mohiuddinabdulkader/Sites/woocommerce/wp-content/plugins/ultimate-image-slider/tests/UltimateImageSlideri18nTest.php" tests="2" assertions="2" errors="0" warnings="0" failures="0" skipped="0" time="0.002291">
        <testcase name="test_load_plugin_textdomain_action_hook" class="UltimateImageSlideri18nTest" classname="UltimateImageSlideri18nTest" file="/Users/mohiuddinabdulkader/Sites/woocommerce/wp-content/plugins/ultimate-image-slider/tests/UltimateImageSlideri18nTest.php" line="19" assertions="1" time="0.000542"/>
        <testcase name="test_load_plugin_textdomain_method_called" class="UltimateImageSlideri18nTest" classname="UltimateImageSlideri18nTest" file="/Users/mohiuddinabdulkader/Sites/woocommerce/wp-content/plugins/ultimate-image-slider/tests/UltimateImageSlideri18nTest.php" line="24" assertions="1" time="0.001749"/>
      </testsuite>
    </testsuite>
  </testsuite>
</testsuites>
